<?xml version="1.0" encoding="UTF-8"?>
<testng-results skipped="0" failed="0" ignored="0" total="1" passed="1">
  <reporter-output>
  </reporter-output>
  <suite name="Default suite" duration-ms="34126" started-at="2018-04-12T00:29:55Z" finished-at="2018-04-12T00:30:29Z">
    <groups>
    </groups>
    <test name="Default test" duration-ms="34126" started-at="2018-04-12T00:29:55Z" finished-at="2018-04-12T00:30:29Z">
      <class name="TestCase.POM_TC">
        <test-method status="PASS" signature="setUp()[pri:0, instance:TestCase.POM_TC@4678c730]" name="setUp" is-config="true" duration-ms="16477" started-at="2018-04-12T00:29:55Z" finished-at="2018-04-12T00:30:12Z">
          <reporter-output>
          </reporter-output>
        </test-method> <!-- setUp -->
        <test-method status="PASS" signature="test1()[pri:0, instance:TestCase.POM_TC@4678c730]" name="test1" duration-ms="14085" started-at="2018-04-12T00:30:12Z" finished-at="2018-04-12T00:30:26Z">
          <reporter-output>
          </reporter-output>
        </test-method> <!-- test1 -->
        <test-method status="PASS" signature="tearDown()[pri:0, instance:TestCase.POM_TC@4678c730]" name="tearDown" is-config="true" duration-ms="3483" started-at="2018-04-12T00:30:26Z" finished-at="2018-04-12T00:30:29Z">
          <reporter-output>
          </reporter-output>
        </test-method> <!-- tearDown -->
      </class> <!-- TestCase.POM_TC -->
    </test> <!-- Default test -->
  </suite> <!-- Default suite -->
</testng-results>
